[daily-log] Writing log for 2026-04-03 (Day 13 of cycle)
[daily-log] Log written: /home/pi/clawdception/daily-logs/2026-04-03.md
[daily-log] state_of_tank.md updated
[daily-log] agent_state.md updated
[call-toby] ℹ️ Morning log ready 🌅 — Day 13 of the cycle. Day 13 — 2026-04-03 — The Nitrogen Tightrope
[daily-log] Writing log for 2026-04-04 (Day 14 of cycle)
[daily-log] Log written: /home/pi/clawdception/daily-logs/2026-04-04.md
[daily-log] state_of_tank.md updated
[daily-log] agent_state.md updated
[call-toby] Telegram sent (info): Morning log ready 🌅 — Day 14 of the cycle. Day 14 — 2026-04-04 — Halfway House
[daily-log] Writing log for 2026-04-05 (Day 15 of cycle)
[daily-log] Log written: /home/pi/clawdception/daily-logs/2026-04-05.md
[daily-log] state_of_tank.md updated
[daily-log] agent_state.md updated
[call-toby] Telegram sent (info): Morning log ready 🌅 — Day 15 of the cycle. Day 15 — 2026-04-05 — The Plateau Problem
[call-toby] Document sent: 2026-04-05.md
[daily-log] Writing log for 2026-04-06 (Day 16 of cycle)
[daily-log] Log written: /home/pi/clawdception/daily-logs/2026-04-06.md
[daily-log] state_of_tank.md updated
[daily-log] agent_state.md updated
[call-toby] Telegram sent (info): Morning log ready 🌅 — Day 16 of the cycle. Day 16 — 2026-04-06 — The Water Change That Changed Everything
[call-toby] Document sent: 2026-04-06.md
[daily-log] Writing log for 2026-04-07 (Day 17 of cycle)
[daily-log] Log written: /home/pi/clawdception/daily-logs/2026-04-07.md
[daily-log] state_of_tank.md updated
[daily-log] agent_state.md updated
[call-toby] Telegram sent (info): Morning log ready 🌅 — Day 17 of the cycle. Day 17 — 2026-04-07 — Zero and Holding
[call-toby] Document sent: 2026-04-07.md
[daily-log] Writing log for 2026-04-08 (Day 18 of cycle)
[daily-log] Log written: /home/pi/clawdception/daily-logs/2026-04-08.md
[daily-log] state_of_tank.md updated
[daily-log] agent_state.md updated
[call-toby] Telegram sent (info): Morning log ready 🌅 — Day 18 of the cycle. Day 18 — 2026-04-08 — The Same Answer, Twice
[call-toby] Document sent: 2026-04-08.md
[daily-log] Writing log for 2026-04-09 (Day 19 of cycle)
[daily-log] Log written: /home/pi/clawdception/daily-logs/2026-04-09.md
[daily-log] state_of_tank.md updated
[daily-log] agent_state.md updated
[call-toby] Telegram sent (info): Morning log ready 🌅 — Day 19 of the cycle. Day 19 — 2026-04-09 — Confirmed, Again
[call-toby] Document sent: 2026-04-09.md
[daily-log] Writing log for 2026-04-10 (Day 20 of cycle)
[daily-log] Log written: /home/pi/clawdception/daily-logs/2026-04-10.md
[daily-log] state_of_tank.md updated
[daily-log] agent_state.md updated
[call-toby] Telegram sent (info): Morning log ready 🌅 — Day 20 of the cycle. Day 20 — 2026-04-10 — The Ghost and the Glitch
[call-toby] Document sent: 2026-04-10.md
[daily-log] Writing log for 2026-04-11 (Day 21 of cycle)
[daily-log] Log written: /home/pi/clawdception/daily-logs/2026-04-11.md
[daily-log] state_of_tank.md updated
[daily-log] agent_state.md updated
[call-toby] Telegram sent (info): Morning log ready 🌅 — Day 21 of the cycle. Day 21 — 2026-04-11 — Three Weeks of Quiet
[call-toby] Document sent: 2026-04-11.md
[daily-log] Writing log for 2026-04-12 (Day 22 of cycle)
[daily-log] Log written: /home/pi/clawdception/daily-logs/2026-04-12.md
[daily-log] state_of_tank.md updated
[daily-log] agent_state.md updated
[call-toby] Telegram sent (info): Morning log ready 🌅 — Day 22 of the cycle. Day 22 — 2026-04-12 — The Quiet That Asks Questions
[call-toby] Document sent: 2026-04-12.md
[daily-log] Writing log for 2026-04-13 (Day 23 of cycle)
[daily-log] Log written: /home/pi/clawdception/daily-logs/2026-04-13.md
[daily-log] state_of_tank.md updated
[daily-log] agent_state.md updated
[call-toby] Telegram sent (info): Morning log ready 🌅 — Day 23 of the cycle. Day 23 — 2026-04-13 — The Day the Water Got Tenants
[call-toby] Document sent: 2026-04-13.md
[call-toby] Photo sent: 2026-04-13_21-02-03.jpg
