To https://github.com/tchan1002/clawdception.git
   4a4fd11..5d704db  main -> main
To https://github.com/tchan1002/clawdception.git
   5d704db..8649e47  main -> main
To https://github.com/tchan1002/clawdception.git
   8649e47..059b5d7  main -> main
To https://github.com/tchan1002/clawdception.git
   059b5d7..a1e0e6f  main -> main
To https://github.com/tchan1002/clawdception.git
   a1e0e6f..6bf826c  main -> main
To https://github.com/tchan1002/clawdception.git
   6bf826c..5cd51a6  main -> main
To https://github.com/tchan1002/clawdception.git
   5cd51a6..7b8b1fe  main -> main
To https://github.com/tchan1002/clawdception.git
   7b8b1fe..2fe0d71  main -> main
To https://github.com/tchan1002/clawdception.git
   2fe0d71..dd9f706  main -> main
To https://github.com/tchan1002/clawdception.git
   dd9f706..243aad2  main -> main
To https://github.com/tchan1002/clawdception.git
   243aad2..d564062  main -> main
To https://github.com/tchan1002/clawdception.git
   d564062..4b4027a  main -> main
To https://github.com/tchan1002/clawdception.git
   4b4027a..2d17030  main -> main
To https://github.com/tchan1002/clawdception.git
   2d17030..1d695ec  main -> main
To https://github.com/tchan1002/clawdception.git
   1d695ec..db74f6c  main -> main
To https://github.com/tchan1002/clawdception.git
   db74f6c..265f6a8  main -> main
To https://github.com/tchan1002/clawdception.git
   265f6a8..d989402  main -> main
To https://github.com/tchan1002/clawdception.git
   d989402..bbacdf1  main -> main
To https://github.com/tchan1002/clawdception.git
   bbacdf1..aa8f22d  main -> main
To https://github.com/tchan1002/clawdception.git
   349dcbe..b35d9b7  main -> main
Everything up-to-date
To https://github.com/tchan1002/clawdception.git
   3c5d8a5..13f4b4f  main -> main
To https://github.com/tchan1002/clawdception.git
   13f4b4f..5e56f8f  main -> main
To https://github.com/tchan1002/clawdception.git
   c2f1107..5cd6402  main -> main
To https://github.com/tchan1002/clawdception.git
   5cd6402..0a8df07  main -> main
To https://github.com/tchan1002/clawdception.git
   0a8df07..82b0a85  main -> main
To https://github.com/tchan1002/clawdception.git
 ! [rejected]        main -> main (fetch first)
error: failed to push some refs to 'https://github.com/tchan1002/clawdception.git'
hint: Updates were rejected because the remote contains work that you do not
hint: have locally. This is usually caused by another repository pushing to
hint: the same ref. If you want to integrate the remote changes, use
hint: 'git pull' before pushing again.
hint: See the 'Note about fast-forwards' in 'git push --help' for details.
