[shrimp-journal] Entry written at 00:05 (Day 14)
[shrimp-journal] Entry written at 06:05 (Day 14)
[shrimp-journal] Entry written at 12:05 (Day 14)
[shrimp-journal] Entry written at 18:05 (Day 14)
[shrimp-journal] Entry written at 00:05 (Day 15)
[shrimp-journal] Entry written at 06:05 (Day 15)
[shrimp-journal] Entry written at 12:05 (Day 15)
[shrimp-journal] Entry written: 2026-04-05-1805.md (Day 15)
[call-toby] Telegram sent (info): Journal — Day 15 · 2026-04-05 18:05
[call-toby] Document sent: 2026-04-05-1805.md
[shrimp-journal] Entry written: 2026-04-06-0005.md (Day 16)
[call-toby] Telegram sent (info): Journal — Day 16 · 2026-04-06 00:05
[call-toby] Document sent: 2026-04-06-0005.md
[shrimp-journal] Entry written: 2026-04-06-0605.md (Day 16)
[call-toby] Telegram sent (info): Journal — Day 16 · 2026-04-06 06:05
[call-toby] Document sent: 2026-04-06-0605.md
[call-toby] Telegram sent (info): Action items:
• Continue daily testing for ammonia and nitrite to track Nitrobacter activity over next 48 hours
• Monitor pH closely—if it drops to 6.3 or below within 48 hours, prepare a 25% water change
• Hold off on substrate disturbance or tank manipulation; the cycle is in a delicate phase
[shrimp-journal] Entry written: 2026-04-06-1205.md (Day 16)
[call-toby] Telegram sent (info): Journal — Day 16 · 2026-04-06 12:05
[call-toby] Document sent: 2026-04-06-1205.md
[shrimp-journal] Entry written: 2026-04-06-1805.md (Day 16)
[call-toby] Telegram sent (info): Journal — Day 16 · 2026-04-06 18:05
[call-toby] Document sent: 2026-04-06-1805.md
[shrimp-journal] Entry written: 2026-04-07-0005.md (Day 17)
[call-toby] Telegram sent (info): Journal — Day 17 · 2026-04-07 00:05
[call-toby] Document sent: 2026-04-07-0005.md
[shrimp-journal] Entry written: 2026-04-07-0605.md (Day 17)
[call-toby] Telegram sent (info): Journal — Day 17 · 2026-04-07 06:05
[call-toby] Document sent: 2026-04-07-0605.md
[shrimp-journal] Entry written: 2026-04-07-1205.md (Day 17)
[call-toby] Telegram sent (info): Journal — Day 17 · 2026-04-07 12:05
[call-toby] Document sent: 2026-04-07-1205.md
[shrimp-journal] Entry written: 2026-04-07-1805.md (Day 17)
[call-toby] Telegram sent (info): Journal — Day 17 · 2026-04-07 18:05
[call-toby] Document sent: 2026-04-07-1805.md
[call-toby] Telegram sent (info): Action items:
• Perform manual water test (ammonia, nitrite, nitrate, pH) within 24 hours to ground-truth sensor readings and confirm pH sensor is not drifting
• If manual pH test confirms reading below 6.4, monitor for stabilization; if pH continues below 6.2, prepare for a 15–20% water change to buffer acid buildup
• Continue daily temperature checks; flag any oscillation greater than 0.9°F or sustained temps above 78.5°F
[shrimp-journal] Entry written: 2026-04-08-0005.md (Day 18)
[call-toby] Telegram sent (info): Journal — Day 18 · 2026-04-08 00:05
[call-toby] Document sent: 2026-04-08-0005.md
[shrimp-journal] Entry written: 2026-04-08-0605.md (Day 18)
[call-toby] Telegram sent (info): Journal — Day 18 · 2026-04-08 06:05
[call-toby] Document sent: 2026-04-08-0605.md
[call-toby] Telegram sent (info): Action items:
• No immediate action required—cycle is progressing nominally
• Continue daily testing regimen to track pH trend; if pH falls below 6.3 within 24 hours, increase air stone aeration or improve ventilation near tank
• Plan for first water change once nitrate reaches 100 ppm (likely within 7-10 days at current accumulation rate)
[shrimp-journal] Entry written: 2026-04-08-1205.md (Day 18)
[call-toby] Telegram sent (info): Journal — Day 18 · 2026-04-08 12:05
[call-toby] Document sent: 2026-04-08-1205.md
[call-toby] Telegram sent (info): Action items:
• No immediate action required; cycle is progressing nominally
• Continue daily water chemistry testing to track pH and nitrate trends
• Monitor apartment ambient temperature and tank environment; if temperature trend continues upward, plan for improved air circulation near tank within 24-48 hours
• Prepare for first maintenance water change when nitrate reaches approximately 100 ppm
[shrimp-journal] Entry written: 2026-04-08-1805.md (Day 18)
[call-toby] Telegram sent (info): Journal — Day 18 · 2026-04-08 18:05
[call-toby] Document sent: 2026-04-08-1805.md
[call-toby] Telegram sent (info): Action items:
• Continue daily water chemistry testing (ammonia, nitrite, nitrate, pH) to track cycle progression and confirm stability
• Monitor apartment ambient temperature over next 48–72 hours; if trend continues upward, plan for improved ventilation (window crack, redirect fan) within 24–48 hours as preventive measure
• No immediate water change required; prepare for first maintenance 20% water change when nitrate reaches approximately 100 ppm
[shrimp-journal] Entry written: 2026-04-09-0005.md (Day 19)
[call-toby] Telegram sent (info): Journal — Day 19 · 2026-04-09 00:05
[call-toby] Document sent: 2026-04-09-0005.md
[call-toby] Telegram sent (info): Action items:
• Monitor pH closely over next 12 hours; if it dips below 6.4, prepare a 15% water change with fresh dechlorinated water within 24 hours
• Consider manual water test in 24-48 hours to track ammonia, nitrite, and nitrate progression
