[2026-04-03T23:12] Day 13 | risk=yellow | [manual event logged (water_tes] | T=76.89°F pH=6.51 TDS=166.0ppm | Cycle is progressing aggressively: ammonia 1.0ppm (spike phase), nitrite 2.0ppm 
[2026-04-04T00:00] Day 14 | risk=yellow | [manual event logged (water_tes] | T=76.1°F pH=6.45 TDS=166.0ppm | Day 14 shows classic mid-cycle symptoms: ammonia 1.0ppm and nitrite 2.0ppm are b
[2026-04-04T00:00] Day 14 | risk=yellow | [manual event logged (water_tes] | T=76.1°F pH=6.45 TDS=166.0ppm | Day 14 shows classic mid-cycle symptoms: ammonia 1.0ppm and nitrite 2.0ppm are b
[2026-04-04T00:15] Day 14 | risk=yellow | [ph outside target range: 6.47 ] | T=76.1°F pH=6.47 TDS=166.0ppm | pH dip is minor but real and trending down—typical as nitrifiers produce acid, b
[2026-04-04T00:15] Day 14 | risk=yellow | [ph outside target range: 6.47 ] | T=76.1°F pH=6.47 TDS=166.0ppm | pH dip is minor but real and trending down—typical as nitrifiers produce acid, b
[2026-04-04T00:30] Day 14 | risk=yellow | [ph outside target range: 6.46 ] | T=76.21°F pH=6.46 TDS=166.0ppm | pH drift below target is concerning during active nitrogen cycling—acidification
[2026-04-04T00:30] Day 14 | risk=yellow | [ph outside target range: 6.46 ] | T=76.21°F pH=6.46 TDS=166.0ppm | pH drift below target is concerning during active nitrogen cycling—acidification
[2026-04-04T00:45] Day 14 | risk=yellow | [ph outside target range: 6.47 ] | T=76.32°F pH=6.47 TDS=167.0ppm | pH nudge below floor is minor but warrants gentle nudge upward; nitrogen cycle p
[2026-04-04T00:45] Day 14 | risk=yellow | [ph outside target range: 6.47 ] | T=76.32°F pH=6.47 TDS=167.0ppm | pH nudge below floor is minor but warrants gentle nudge upward; nitrogen cycle p
[2026-04-04T01:00] Day 14 | skipped (stable) | T=76.32°F pH=6.5 TDS=168.0ppm
[2026-04-04T01:00] Day 14 | skipped (stable) | T=76.32°F pH=6.5 TDS=168.0ppm
[2026-04-04T01:15] Day 14 | risk=yellow | [ph outside target range: 6.49 ] | T=76.32°F pH=6.49 TDS=164.0ppm | pH is bracketing the danger line as nitrification acidifies the water—classic an
[2026-04-04T01:15] Day 14 | risk=yellow | [ph outside target range: 6.49 ] | T=76.32°F pH=6.49 TDS=164.0ppm | pH is bracketing the danger line as nitrification acidifies the water—classic an
[2026-04-04T01:30] Day 14 | risk=yellow | [manual event since last check ] | T=76.44°F pH=6.48 TDS=166.0ppm | Day 14 shows ammonia declining (1.0→0.5ppm over 24hrs) and nitrite rising (2.0→5
[2026-04-04T01:30] Day 14 | risk=yellow | [manual event since last check ] | T=76.44°F pH=6.48 TDS=166.0ppm | Day 14 shows ammonia declining (1.0→0.5ppm over 24hrs) and nitrite rising (2.0→5
[2026-04-04T01:45] Day 14 | risk=? | [manual event since last check ] | T=76.44°F pH=6.49 TDS=166.0ppm | 
[2026-04-04T01:45] Day 14 | risk=? | [manual event since last check ] | T=76.44°F pH=6.49 TDS=166.0ppm | 
[2026-04-04T02:00] Day 14 | risk=yellow | [manual event since last check ] | T=76.44°F pH=6.5 TDS=165.0ppm | Ammonia dropped 50% in 24h (1.0→0.5ppm), strong sign nitrification is engaging; 
[2026-04-04T02:00] Day 14 | risk=yellow | [manual event since last check ] | T=76.44°F pH=6.5 TDS=165.0ppm | Ammonia dropped 50% in 24h (1.0→0.5ppm), strong sign nitrification is engaging; 
[2026-04-04T02:15] Day 14 | risk=yellow | [manual event since last check ] | T=76.44°F pH=6.54 TDS=166.0ppm | Ammonia dropping sharply (1.0→0.5 ppm in 12 hours) is excellent early nitrificat
[2026-04-04T02:15] Day 14 | risk=yellow | [manual event since last check ] | T=76.44°F pH=6.54 TDS=166.0ppm | Ammonia dropping sharply (1.0→0.5 ppm in 12 hours) is excellent early nitrificat
[2026-04-04T02:30] Day 14 | risk=yellow | [manual event since last check ] | T=76.44°F pH=6.54 TDS=166.0ppm | Ammonia dropped 50% in 18 hours (1.0→0.5ppm), suggesting nitrification is kickin
[2026-04-04T02:30] Day 14 | risk=yellow | [manual event since last check ] | T=76.44°F pH=6.54 TDS=166.0ppm | Ammonia dropped 50% in 18 hours (1.0→0.5ppm), suggesting nitrification is kickin
[2026-04-04T02:45] Day 14 | risk=yellow | [manual event since last check ] | T=76.44°F pH=6.55 TDS=167.0ppm | Ammonia dropping sharply (1.0→0.5ppm in 12h) and nitrite rising (2.0→5.0ppm) sig
[2026-04-04T02:45] Day 14 | risk=yellow | [manual event since last check ] | T=76.44°F pH=6.55 TDS=167.0ppm | Ammonia dropping sharply (1.0→0.5ppm in 12h) and nitrite rising (2.0→5.0ppm) sig
[2026-04-04T03:00] Day 14 | risk=yellow | [manual event since last check ] | T=76.55°F pH=6.56 TDS=165.0ppm | Ammonia dropping sharply (1.0→0.5 ppm in 12 hrs) signals nitrifier activation—te
[2026-04-04T03:00] Day 14 | risk=yellow | [manual event since last check ] | T=76.55°F pH=6.56 TDS=165.0ppm | Ammonia dropping sharply (1.0→0.5 ppm in 12 hrs) signals nitrifier activation—te
[2026-04-04T03:15] Day 14 | risk=yellow | [manual event since last check ] | T=76.44°F pH=6.55 TDS=166.0ppm | Ammonia dropped sharply (1.0→0.5ppm in 12 hours) while nitrite spiked (2→5ppm), 
[2026-04-04T03:15] Day 14 | risk=yellow | [manual event since last check ] | T=76.44°F pH=6.55 TDS=166.0ppm | Ammonia dropped sharply (1.0→0.5ppm in 12 hours) while nitrite spiked (2→5ppm), 
[2026-04-04T03:30] Day 14 | risk=yellow | [manual event since last check ] | T=76.55°F pH=6.57 TDS=166.0ppm | Ammonia dropped 50% in 12 hours (1.0→0.5 ppm), indicating nitrifiers are establi
[2026-04-04T03:30] Day 14 | risk=yellow | [manual event since last check ] | T=76.55°F pH=6.57 TDS=166.0ppm | Ammonia dropped 50% in 12 hours (1.0→0.5 ppm), indicating nitrifiers are establi
[2026-04-04T03:45] Day 14 | risk=yellow | [manual event since last check ] | T=76.44°F pH=6.59 TDS=168.0ppm | Ammonia halved in 16 hours (1.0→0.5ppm)—classic early nitrification signal. Nitr
[2026-04-04T03:45] Day 14 | risk=yellow | [manual event since last check ] | T=76.44°F pH=6.59 TDS=168.0ppm | Ammonia halved in 16 hours (1.0→0.5ppm)—classic early nitrification signal. Nitr
[2026-04-04T04:00] Day 14 | risk=yellow | [manual event since last check ] | T=76.55°F pH=6.58 TDS=165.0ppm | Ammonia cut in half (1.0→0.5 ppm) in 16 hours—strong signal nitrifiers are colon
[2026-04-04T04:00] Day 14 | risk=yellow | [manual event since last check ] | T=76.55°F pH=6.58 TDS=165.0ppm | Ammonia cut in half (1.0→0.5 ppm) in 16 hours—strong signal nitrifiers are colon
[2026-04-04T04:15] Day 14 | risk=yellow | [manual event since last check ] | T=76.44°F pH=6.59 TDS=168.0ppm | Day 14 shows textbook cycle progression: ammonia halving (1.0→0.5ppm) signals ni
[2026-04-04T04:15] Day 14 | risk=yellow | [manual event since last check ] | T=76.44°F pH=6.59 TDS=168.0ppm | Day 14 shows textbook cycle progression: ammonia halving (1.0→0.5ppm) signals ni
[2026-04-04T04:30] Day 14 | risk=yellow | [manual event since last check ] | T=76.55°F pH=6.59 TDS=167.0ppm | Ammonia dropped 50% in 10 hours (1.0→0.5ppm), signaling nitrification onset and 
[2026-04-04T04:30] Day 14 | risk=yellow | [manual event since last check ] | T=76.55°F pH=6.59 TDS=167.0ppm | Ammonia dropped 50% in 10 hours (1.0→0.5ppm), signaling nitrification onset and 
[2026-04-04T04:45] Day 14 | risk=yellow | [manual event since last check ] | T=76.44°F pH=6.6 TDS=166.0ppm | Ammonia dropped 50% in 10 hours (1.0→0.5ppm), signaling nitrifier establishment—
[2026-04-04T04:45] Day 14 | risk=yellow | [manual event since last check ] | T=76.44°F pH=6.6 TDS=166.0ppm | Ammonia dropped 50% in 10 hours (1.0→0.5ppm), signaling nitrifier establishment—
[2026-04-04T05:00] Day 14 | risk=yellow | [manual event since last check ] | T=76.55°F pH=6.59 TDS=164.0ppm | Ammonia dropped from 1.0 to 0.5 ppm in 12 hours—strong sign nitrification is est
[2026-04-04T05:00] Day 14 | risk=yellow | [manual event since last check ] | T=76.55°F pH=6.59 TDS=164.0ppm | Ammonia dropped from 1.0 to 0.5 ppm in 12 hours—strong sign nitrification is est
[2026-04-04T05:15] Day 14 | risk=yellow | [manual event since last check ] | T=76.44°F pH=6.6 TDS=168.0ppm | Ammonia dropped sharply (1.0→0.5 ppm in 24h), nitrite climbed (2.0→5.0 ppm), nit
[2026-04-04T05:15] Day 14 | risk=yellow | [manual event since last check ] | T=76.44°F pH=6.6 TDS=168.0ppm | Ammonia dropped sharply (1.0→0.5 ppm in 24h), nitrite climbed (2.0→5.0 ppm), nit
[2026-04-04T05:30] Day 14 | risk=yellow | [manual event since last check ] | T=76.55°F pH=6.6 TDS=167.0ppm | Ammonia halved in 24 hours (1.0→0.5ppm) while nitrite quintupled (2.0→5.0ppm)—te
[2026-04-04T05:30] Day 14 | risk=yellow | [manual event since last check ] | T=76.55°F pH=6.6 TDS=167.0ppm | Ammonia halved in 24 hours (1.0→0.5ppm) while nitrite quintupled (2.0→5.0ppm)—te
[2026-04-04T05:45] Day 14 | risk=yellow | [manual event since last check ] | T=76.44°F pH=6.59 TDS=168.0ppm | Ammonia dropped sharply (1.0→0.5 ppm in 24h), indicating nitrifiers are establis
[2026-04-04T05:45] Day 14 | risk=yellow | [manual event since last check ] | T=76.44°F pH=6.59 TDS=168.0ppm | Ammonia dropped sharply (1.0→0.5 ppm in 24h), indicating nitrifiers are establis
[2026-04-04T06:00] Day 14 | risk=yellow | [manual event since last check ] | T=76.55°F pH=6.63 TDS=167.0ppm | Ammonia dropped 50% (1.0→0.5ppm) in 14 hours—excellent sign of nitrification. Ni
[2026-04-04T06:00] Day 14 | risk=yellow | [manual event since last check ] | T=76.55°F pH=6.63 TDS=167.0ppm | Ammonia dropped 50% (1.0→0.5ppm) in 14 hours—excellent sign of nitrification. Ni
[2026-04-04T06:15] Day 14 | risk=yellow | [manual event since last check ] | T=76.55°F pH=6.64 TDS=168.0ppm | Ammonia dropped sharply (1.0 → 0.5 ppm in 12 hours), and nitrate doubled (80 → 1
[2026-04-04T06:15] Day 14 | risk=yellow | [manual event since last check ] | T=76.55°F pH=6.64 TDS=168.0ppm | Ammonia dropped sharply (1.0 → 0.5 ppm in 12 hours), and nitrate doubled (80 → 1
[2026-04-04T06:30] Day 14 | risk=yellow | [manual event since last check ] | T=76.78°F pH=6.63 TDS=166.0ppm | Nitrite spiked to 5.0 ppm in 10 hours (from 2.0 to 5.0 ppm)—we're at the critica
[2026-04-04T06:30] Day 14 | risk=yellow | [manual event since last check ] | T=76.78°F pH=6.63 TDS=166.0ppm | Nitrite spiked to 5.0 ppm in 10 hours (from 2.0 to 5.0 ppm)—we're at the critica
[2026-04-04T06:45] Day 14 | skipped (stable) | T=76.78°F pH=6.63 TDS=168.0ppm
[2026-04-04T06:45] Day 14 | skipped (stable) | T=76.78°F pH=6.63 TDS=168.0ppm
[2026-04-04T07:00] Day 14 | skipped (stable) | T=76.89°F pH=6.63 TDS=166.0ppm
[2026-04-04T07:00] Day 14 | skipped (stable) | T=76.89°F pH=6.63 TDS=166.0ppm
[2026-04-04T07:15] Day 14 | skipped (stable) | T=76.89°F pH=6.63 TDS=167.0ppm
[2026-04-04T07:15] Day 14 | skipped (stable) | T=76.89°F pH=6.63 TDS=167.0ppm
[2026-04-04T07:30] Day 14 | skipped (stable) | T=76.89°F pH=6.67 TDS=167.0ppm
[2026-04-04T07:30] Day 14 | skipped (stable) | T=76.89°F pH=6.67 TDS=167.0ppm
[2026-04-04T07:45] Day 14 | skipped (stable) | T=77.0°F pH=6.63 TDS=168.0ppm
[2026-04-04T07:45] Day 14 | skipped (stable) | T=77.0°F pH=6.63 TDS=168.0ppm
[2026-04-04T08:00] Day 14 | skipped (stable) | T=77.0°F pH=6.65 TDS=167.0ppm
[2026-04-04T08:00] Day 14 | skipped (stable) | T=77.0°F pH=6.65 TDS=167.0ppm
[2026-04-04T08:15] Day 14 | skipped (stable) | T=76.89°F pH=6.63 TDS=168.0ppm
[2026-04-04T08:15] Day 14 | skipped (stable) | T=76.89°F pH=6.63 TDS=168.0ppm
[2026-04-04T08:30] Day 14 | skipped (stable) | T=77.0°F pH=6.62 TDS=169.0ppm
[2026-04-04T08:30] Day 14 | skipped (stable) | T=77.0°F pH=6.62 TDS=169.0ppm
[2026-04-04T08:45] Day 14 | skipped (stable) | T=77.0°F pH=6.64 TDS=167.0ppm
[2026-04-04T08:45] Day 14 | skipped (stable) | T=77.0°F pH=6.64 TDS=167.0ppm
[2026-04-04T09:00] Day 14 | skipped (stable) | T=76.89°F pH=6.65 TDS=168.0ppm
[2026-04-04T09:00] Day 14 | skipped (stable) | T=76.89°F pH=6.65 TDS=168.0ppm
[2026-04-04T09:15] Day 14 | skipped (stable) | T=76.89°F pH=6.64 TDS=166.0ppm
[2026-04-04T09:15] Day 14 | skipped (stable) | T=76.89°F pH=6.64 TDS=166.0ppm
[2026-04-04T09:30] Day 14 | skipped (stable) | T=76.89°F pH=6.65 TDS=167.0ppm
[2026-04-04T09:30] Day 14 | skipped (stable) | T=76.89°F pH=6.65 TDS=167.0ppm
[2026-04-04T09:45] Day 14 | skipped (stable) | T=76.89°F pH=6.64 TDS=165.0ppm
[2026-04-04T09:45] Day 14 | skipped (stable) | T=76.89°F pH=6.64 TDS=165.0ppm
[2026-04-04T10:00] Day 14 | skipped (stable) | T=76.89°F pH=6.67 TDS=167.0ppm
[2026-04-04T10:00] Day 14 | skipped (stable) | T=76.89°F pH=6.67 TDS=167.0ppm
[2026-04-04T10:15] Day 14 | skipped (stable) | T=76.78°F pH=6.66 TDS=167.0ppm
[2026-04-04T10:15] Day 14 | skipped (stable) | T=76.78°F pH=6.66 TDS=167.0ppm
[2026-04-04T10:30] Day 14 | skipped (stable) | T=76.89°F pH=6.68 TDS=166.0ppm
[2026-04-04T10:30] Day 14 | skipped (stable) | T=76.89°F pH=6.68 TDS=166.0ppm
[2026-04-04T10:45] Day 14 | risk=yellow | [periodic check (4hr since last] | T=76.78°F pH=6.66 TDS=166.0ppm | Nitrite at 5.0 ppm is at the toxicity threshold for shrimp; critical watch windo
[2026-04-04T10:45] Day 14 | risk=yellow | [periodic check (4hr since last] | T=76.78°F pH=6.66 TDS=166.0ppm | Nitrite at 5.0 ppm is at the toxicity threshold for shrimp; critical watch windo
[2026-04-04T11:00] Day 14 | skipped (stable) | T=76.78°F pH=6.67 TDS=168.0ppm
[2026-04-04T11:00] Day 14 | skipped (stable) | T=76.78°F pH=6.67 TDS=168.0ppm
[2026-04-04T11:15] Day 14 | skipped (stable) | T=76.89°F pH=6.63 TDS=167.0ppm
[2026-04-04T11:15] Day 14 | skipped (stable) | T=76.89°F pH=6.63 TDS=167.0ppm
[2026-04-04T11:30] Day 14 | skipped (stable) | T=76.78°F pH=6.6 TDS=170.0ppm
[2026-04-04T11:30] Day 14 | skipped (stable) | T=76.78°F pH=6.6 TDS=170.0ppm
[2026-04-04T11:45] Day 14 | skipped (stable) | T=76.78°F pH=6.59 TDS=169.0ppm
[2026-04-04T11:45] Day 14 | skipped (stable) | T=76.78°F pH=6.59 TDS=169.0ppm
[2026-04-04T12:00] Day 14 | skipped (stable) | T=76.66°F pH=6.57 TDS=168.0ppm
[2026-04-04T12:00] Day 14 | skipped (stable) | T=76.66°F pH=6.57 TDS=168.0ppm
[2026-04-04T12:15] Day 14 | skipped (stable) | T=76.44°F pH=6.52 TDS=167.0ppm
[2026-04-04T12:15] Day 14 | skipped (stable) | T=76.44°F pH=6.52 TDS=167.0ppm
[2026-04-04T12:30] Day 14 | skipped (stable) | T=76.32°F pH=6.51 TDS=169.0ppm
[2026-04-04T12:30] Day 14 | skipped (stable) | T=76.32°F pH=6.51 TDS=169.0ppm
[2026-04-04T12:45] Day 14 | skipped (stable) | T=76.21°F pH=6.51 TDS=167.0ppm
[2026-04-04T12:45] Day 14 | skipped (stable) | T=76.21°F pH=6.51 TDS=167.0ppm
[2026-04-04T13:00] Day 14 | risk=yellow | [ph outside target range: 6.46 ] | T=76.21°F pH=6.46 TDS=168.0ppm | pH is just below target at 6.46—not yet a crisis, but the acidification from nit
[2026-04-04T13:00] Day 14 | risk=yellow | [ph outside target range: 6.46 ] | T=76.21°F pH=6.46 TDS=168.0ppm | pH is just below target at 6.46—not yet a crisis, but the acidification from nit
[2026-04-04T13:15] Day 14 | risk=yellow | [ph outside target range: 6.46 ] | T=76.1°F pH=6.46 TDS=167.0ppm | pH breach into yellow is the sentinel event; we're in the critical nitrite infle
[2026-04-04T13:15] Day 14 | risk=yellow | [ph outside target range: 6.46 ] | T=76.1°F pH=6.46 TDS=167.0ppm | pH breach into yellow is the sentinel event; we're in the critical nitrite infle
[2026-04-04T13:30] Day 14 | risk=yellow | [ph outside target range: 6.45 ] | T=76.1°F pH=6.45 TDS=168.0ppm | Ammonia declining (1.0→0.5ppm) and nitrite spiking (2→5ppm) confirms Nitrosomona
[2026-04-04T13:30] Day 14 | risk=yellow | [ph outside target range: 6.45 ] | T=76.1°F pH=6.45 TDS=168.0ppm | Ammonia declining (1.0→0.5ppm) and nitrite spiking (2→5ppm) confirms Nitrosomona
[2026-04-04T13:45] Day 14 | risk=yellow | [ph outside target range: 6.45 ] | T=76.1°F pH=6.45 TDS=168.0ppm | pH breach at 6.45 is marginal but real—nitrification acidifies, and we're trendi
[2026-04-04T13:45] Day 14 | risk=yellow | [ph outside target range: 6.45 ] | T=76.1°F pH=6.45 TDS=168.0ppm | pH breach at 6.45 is marginal but real—nitrification acidifies, and we're trendi
[2026-04-04T14:00] Day 14 | risk=yellow | [ph outside target range: 6.43 ] | T=76.21°F pH=6.43 TDS=169.0ppm | pH breach at 6.43 (target 6.5–7.5) is the trigger; downward trend suggests acid 
[2026-04-04T14:00] Day 14 | risk=yellow | [ph outside target range: 6.43 ] | T=76.21°F pH=6.43 TDS=169.0ppm | pH breach at 6.43 (target 6.5–7.5) is the trigger; downward trend suggests acid 
[2026-04-04T14:15] Day 14 | risk=yellow | [manual event since last check ] | T=76.1°F pH=6.46 TDS=169.0ppm | Ammonia dropped sharply (0.5→0.25ppm in ~13h), which is excellent and confirms N
[2026-04-04T14:15] Day 14 | risk=yellow | [manual event since last check ] | T=76.1°F pH=6.46 TDS=169.0ppm | Ammonia dropped sharply (0.5→0.25ppm in ~13h), which is excellent and confirms N
[2026-04-04T14:30] Day 14 | risk=yellow | [manual event since last check ] | T=76.21°F pH=6.46 TDS=168.0ppm | Nitrogen cycle progressing; ammonia fell 0.25→0.5ppm halving over 24hrs suggests
[2026-04-04T14:30] Day 14 | risk=yellow | [manual event since last check ] | T=76.21°F pH=6.46 TDS=168.0ppm | Nitrogen cycle progressing; ammonia fell 0.25→0.5ppm halving over 24hrs suggests
[2026-04-04T14:45] Day 14 | risk=yellow | [manual event since last check ] | T=76.21°F pH=6.48 TDS=168.0ppm | Ammonia halved in 13 hours (0.5→0.25ppm)—Nitrosomonas accelerating as expected. 
[2026-04-04T14:45] Day 14 | risk=yellow | [manual event since last check ] | T=76.21°F pH=6.48 TDS=168.0ppm | Ammonia halved in 13 hours (0.5→0.25ppm)—Nitrosomonas accelerating as expected. 
[2026-04-04T15:00] Day 14 | risk=yellow | [manual event since last check ] | T=76.21°F pH=6.48 TDS=169.0ppm | Day 14: ammonia halved (0.5→0.25ppm), nitrite holding steady at 5ppm while nitra
[2026-04-04T15:00] Day 14 | risk=yellow | [manual event since last check ] | T=76.21°F pH=6.48 TDS=169.0ppm | Day 14: ammonia halved (0.5→0.25ppm), nitrite holding steady at 5ppm while nitra
[2026-04-04T15:15] Day 14 | risk=yellow | [manual event since last check ] | T=76.21°F pH=6.47 TDS=167.0ppm | Ammonia declining (0.5→0.25ppm) and nitrate holding steady (160ppm) suggest Nitr
[2026-04-04T15:15] Day 14 | risk=yellow | [manual event since last check ] | T=76.21°F pH=6.47 TDS=167.0ppm | Ammonia declining (0.5→0.25ppm) and nitrate holding steady (160ppm) suggest Nitr
[2026-04-04T15:30] Day 14 | risk=yellow | [manual event since last check ] | T=76.1°F pH=6.47 TDS=169.0ppm | Day 14: ammonia halving (0.5→0.25ppm) shows Nitrosomonas working, but nitrite pl
[2026-04-04T15:30] Day 14 | risk=yellow | [manual event since last check ] | T=76.1°F pH=6.47 TDS=169.0ppm | Day 14: ammonia halving (0.5→0.25ppm) shows Nitrosomonas working, but nitrite pl
[2026-04-04T15:45] Day 14 | risk=yellow | [manual event since last check ] | T=76.32°F pH=6.46 TDS=168.0ppm | Good news: ammonia dropped 50% in 12 hours (0.5→0.25ppm), indicating Nitrosomona
[2026-04-04T15:45] Day 14 | risk=yellow | [manual event since last check ] | T=76.32°F pH=6.46 TDS=168.0ppm | Good news: ammonia dropped 50% in 12 hours (0.5→0.25ppm), indicating Nitrosomona
[2026-04-04T16:00] Day 14 | risk=yellow | [manual event since last check ] | T=76.21°F pH=6.46 TDS=169.0ppm | Ammonia halved in 13 hours (0.5→0.25ppm), excellent Nitrosomonas progress. Howev
[2026-04-04T16:00] Day 14 | risk=yellow | [manual event since last check ] | T=76.21°F pH=6.46 TDS=169.0ppm | Ammonia halved in 13 hours (0.5→0.25ppm), excellent Nitrosomonas progress. Howev
[2026-04-04T16:15] Day 14 | risk=yellow | [manual event since last check ] | T=76.32°F pH=6.46 TDS=168.0ppm | Ammonia declining cleanly (0.5→0.25ppm) signals Nitrosomonas is working. Nitrite
[2026-04-04T16:15] Day 14 | risk=yellow | [manual event since last check ] | T=76.32°F pH=6.46 TDS=168.0ppm | Ammonia declining cleanly (0.5→0.25ppm) signals Nitrosomonas is working. Nitrite
[2026-04-04T16:30] Day 14 | risk=yellow | [manual event since last check ] | T=76.32°F pH=6.48 TDS=168.0ppm | Ammonia has declined (0.5→0.25ppm) and nitrate stable at 160ppm, but nitrite sta
[2026-04-04T16:30] Day 14 | risk=yellow | [manual event since last check ] | T=76.32°F pH=6.48 TDS=168.0ppm | Ammonia has declined (0.5→0.25ppm) and nitrate stable at 160ppm, but nitrite sta
[2026-04-04T16:45] Day 14 | risk=yellow | [manual event since last check ] | T=76.32°F pH=6.5 TDS=169.0ppm | Day 14 shows ammonia declining (0.5→0.25 ppm, 50% drop in 13 hours) which is exc
[2026-04-04T16:45] Day 14 | risk=yellow | [manual event since last check ] | T=76.32°F pH=6.5 TDS=169.0ppm | Day 14 shows ammonia declining (0.5→0.25 ppm, 50% drop in 13 hours) which is exc
[2026-04-04T17:00] Day 14 | risk=yellow | [manual event since last check ] | T=76.32°F pH=6.48 TDS=170.0ppm | Ammonia declining (0.5→0.25ppm) is excellent—first stage nitrification working. 
[2026-04-04T17:00] Day 14 | risk=yellow | [manual event since last check ] | T=76.32°F pH=6.48 TDS=170.0ppm | Ammonia declining (0.5→0.25ppm) is excellent—first stage nitrification working. 
[2026-04-04T17:15] Day 14 | risk=yellow | [manual event since last check ] | T=76.32°F pH=6.49 TDS=169.0ppm | Ammonia dropped 0.25ppm in 13 hours (0.5→0.25)—strong Nitrosomonas activity. Nit
[2026-04-04T17:15] Day 14 | risk=yellow | [manual event since last check ] | T=76.32°F pH=6.49 TDS=169.0ppm | Ammonia dropped 0.25ppm in 13 hours (0.5→0.25)—strong Nitrosomonas activity. Nit
[2026-04-04T17:30] Day 14 | risk=yellow | [manual event since last check ] | T=76.32°F pH=6.47 TDS=168.0ppm | Ammonia halving nicely (0.5→0.25ppm) shows Nitrosomonas working. Nitrite holding
[2026-04-04T17:30] Day 14 | risk=yellow | [manual event since last check ] | T=76.32°F pH=6.47 TDS=168.0ppm | Ammonia halving nicely (0.5→0.25ppm) shows Nitrosomonas working. Nitrite holding
[2026-04-04T17:45] Day 14 | risk=yellow | [manual event since last check ] | T=76.21°F pH=6.48 TDS=170.0ppm | Ammonia halved from 0.5 to 0.25 ppm in 13 hours—Nitrosomonas is working hard. Ho
[2026-04-04T17:45] Day 14 | risk=yellow | [manual event since last check ] | T=76.21°F pH=6.48 TDS=170.0ppm | Ammonia halved from 0.5 to 0.25 ppm in 13 hours—Nitrosomonas is working hard. Ho
