[skill-writer] Skipping — only 1/7 daily logs — not enough history yet
[skill-writer] Skipping — only 2/7 daily logs — not enough history yet
[skill-writer] Skipping — only 3/7 daily logs — not enough history yet
[skill-writer] Skipping — only 4/7 daily logs — not enough history yet
[skill-writer] Skipping — only 5/7 daily logs — not enough history yet
[skill-writer] Skipping — only 6/7 daily logs — not enough history yet
[skill-writer] Running — 7 daily logs available, conditions met (Day 20 of cycle)
[skill-writer] Proposal written to /home/pi/clawdception/proposals/2026-04-10-cycletracker
[call-toby] Telegram sent (info): New skill proposal: cycletracker 🛠️  Review at ~/clawdception/proposals/2026-04-10-cycletracker/
[skill-writer] Skipping — last proposal was 1 days ago (min 7)
[skill-writer] Skipping — last proposal was 2 days ago (min 7)
[skill-writer] Skipping — last proposal was 3 days ago (min 7)
[skill-writer] Skipping — last proposal was 4 days ago (min 7)
[skill-writer] Skipping — last proposal was 5 days ago (min 7)
[skill-writer] Skipping — last proposal was 6 days ago (min 7)
[skill-writer] Running — 14 daily logs available, conditions met (Day 27 of cycle)
[skill-writer] Proposal written to /home/pi/clawdception/proposals/2026-04-17-sensorcalibrationwatch
[call-toby] Document sent: proposal.md
[call-toby] Sent with buttons (msg_id=333): New skill proposal: `sensorcalibrationwatch` (new, risk: low)
[skill-writer] Running — 15 daily logs available, conditions met (Day 28 of cycle)
[skill-writer] Proposal written to /home/pi/clawdception/proposals/2026-04-18-cycletracker
[call-toby] Document sent: proposal.md
[call-toby] Sent with buttons (msg_id=381): New skill proposal: `cycletracker` (new, risk: low)
[skill-writer] Running — 16 daily logs available, conditions met (Day 29 of cycle)
[skill-writer] Proposal written to /home/pi/clawdception/proposals/2026-04-19-cycletracker
[call-toby] Document sent: proposal.md
[call-toby] Sent with buttons (msg_id=420): New skill proposal: `cycletracker` (new, risk: low)
[skill-writer] Running — 17 daily logs available, conditions met (Day 30 of cycle)
[skill-writer] Proposal written to /home/pi/clawdception/proposals/2026-04-20-waterchangepredictor
[call-toby] Document sent: proposal.md
[call-toby] Sent with buttons (msg_id=459): New skill proposal: `waterchangepredictor` (new, risk: low)
[skill-writer] Running — 18 daily logs available, conditions met (Day 31 of cycle)
[skill-writer] Proposal written to /home/pi/clawdception/proposals/2026-04-21-postwaterchangewatcher
[call-toby] Document sent: proposal.md
[call-toby] Sent with buttons (msg_id=515): New skill proposal: `postwaterchangewatcher` (new, risk: low)
[skill-writer] Running — 19 daily logs available, conditions met (Day 32 of cycle)
[skill-writer] Proposal written to /home/pi/clawdception/proposals/2026-04-22-postwaterchangemonitor
[call-toby] Document sent: proposal.md
[call-toby] Sent with buttons (msg_id=543): New skill proposal: `postwaterchangemonitor` (new, risk: medium)
