[telegram-listener] Photo saved: 2026-04-13_15-36-11.jpg — 'acclimating and about to add our shrimp. 6 shrimp including 2 or at least 2 females.'
[telegram-listener] Photo saved: 2026-04-13_15-36-12.jpg — ''
[telegram-listener] Processed 2 message(s), offset now 236832991
[telegram-listener] Note: 'conducted a 35% water change to lower nitrate concentration before shrimp introduction—explains the drop in ph, tds and temp which is just a sensor issue.'
[call-toby] Telegram sent (info): Note logged: conducted a 35% water change to lower nitrate concentration before shrimp introduction—explains the drop in ph, tds and temp which is just a sensor issue. ✓
[telegram-listener] Photo saved: 2026-04-13_15-40-04.jpg — 'added christmas moss and duckweed to tank'
[call-toby] Telegram sent (info): Photo logged: added christmas moss and duckweed to tank ✓
[telegram-listener] Photo saved: 2026-04-13_15-40-06.jpg — ''
[call-toby] Telegram sent (info): Photo logged ✓
[telegram-listener] Processed 3 message(s), offset now 236832994
[telegram-listener] 'shrimp appear to be enjoying hanging out and feeding near the filters, as well as on a patch of christmas moss hidden behind the bag of live media. they are eating up the accumulated biofilm' → observation
[call-toby] Telegram sent (info): Logged as observation: Shrimp actively grazing near filters and on a patch of Christmas moss behind the live media bag. Feeding on accumulated biofilm. ✓
[telegram-listener] Processed 1 message(s), offset now 236832995
[telegram-listener] 'don’t think females are berried' → observation
[call-toby] Telegram sent (info): Logged as observation: Owner observed no berried females in the tank. ✓
[telegram-listener] Processed 1 message(s), offset now 236832996
[telegram-listener] Photo saved: 2026-04-13_21-02-03.jpg — ''
[call-toby] Telegram sent (info): 1 shrimp visible · water: clear · plants: thriving
Concerns: Only one shrimp visible — but this is likely a framing limitation, not a population concern, Tank appears to be mid-cycle (Day 23) — shrimp presence suggests either early stocking or a test subject; confirm stocking intent relative to cycle completion, Plant growth near the glass and substrate surface could eventually shade lower portions if left unmanaged, but not a current concern

One cherry shrimp — vivid red, looks healthy and active — is perched right at the tips of what appears to be a dense, lush moss or fine-leafed plant mound, doing what shrimp do: picking at the world with great confidence. The water is strikingly clear for Day 23 of a cycle, the substrate looks clean and settled, and the plant growth is dense and green. It's a small frame, but everything in it looks right.
[telegram-listener] Vision reply sent
[telegram-listener] action_completed logged (context=actions)
[telegram-listener] Processed 2 message(s), offset now 236832998
